<?xml version="1.0" encoding="UTF-8"?>
<coverage generated="1558869074738" clover="3.2.0">
  <project timestamp="1558869074738" name="All files">
    <metrics statements="31" coveredstatements="28" conditionals="26" coveredconditionals="19" methods="3" coveredmethods="3" elements="60" coveredelements="50" complexity="0" loc="31" ncloc="31" packages="1" files="1" classes="1"/>
    <file name="findWinnerAndprice.js" path="/home/berenger/Desktop/TeadsTest/findWinnerAndprice.js">
      <metrics statements="31" coveredstatements="28" conditionals="26" coveredconditionals="19" methods="3" coveredmethods="3"/>
      <line num="1" count="1" type="stmt"/>
      <line num="3" count="8" type="cond" truecount="3" falsecount="1"/>
      <line num="4" count="0" type="cond" truecount="0" falsecount="4"/>
      <line num="7" count="8" type="cond" truecount="1" falsecount="1"/>
      <line num="8" count="0" type="stmt"/>
      <line num="11" count="8" type="cond" truecount="2" falsecount="0"/>
      <line num="12" count="3" type="stmt"/>
      <line num="17" count="5" type="stmt"/>
      <line num="19" count="5" type="cond" truecount="2" falsecount="0"/>
      <line num="20" count="3" type="stmt"/>
      <line num="25" count="2" type="cond" truecount="2" falsecount="0"/>
      <line num="26" count="1" type="stmt"/>
      <line num="32" count="1" type="stmt"/>
      <line num="33" count="5" type="cond" truecount="2" falsecount="0"/>
      <line num="34" count="3" type="stmt"/>
      <line num="35" count="2" type="cond" truecount="1" falsecount="1"/>
      <line num="36" count="2" type="stmt"/>
      <line num="38" count="0" type="stmt"/>
      <line num="42" count="1" type="stmt"/>
      <line num="48" count="1" type="stmt"/>
      <line num="49" count="11" type="stmt"/>
      <line num="51" count="11" type="stmt"/>
      <line num="53" count="47" type="cond" truecount="2" falsecount="0"/>
      <line num="54" count="7" type="stmt"/>
      <line num="57" count="40" type="stmt"/>
      <line num="58" count="40" type="stmt"/>
      <line num="60" count="40" type="cond" truecount="4" falsecount="0"/>
      <line num="61" count="23" type="stmt"/>
      <line num="64" count="17" type="stmt"/>
      <line num="70" count="11" type="stmt"/>
      <line num="74" count="1" type="stmt"/>
    </file>
  </project>
</coverage>
