{"/home/berenger/Desktop/TeadsTest/findWinnerAndprice.js": {"path":"/home/berenger/Desktop/TeadsTest/findWinnerAndprice.js","statementMap":{"0":{"start":{"line":1,"column":20},"end":{"line":1,"column":33}},"1":{"start":{"line":2,"column":21},"end":{"line":2,"column":35}},"2":{"start":{"line":4,"column":28},"end":{"line":55,"column":1}},"3":{"start":{"line":6,"column":2},"end":{"line":8,"column":3}},"4":{"start":{"line":7,"column":4},"end":{"line":7,"column":21}},"5":{"start":{"line":10,"column":2},"end":{"line":12,"column":3}},"6":{"start":{"line":11,"column":4},"end":{"line":11,"column":15}},"7":{"start":{"line":14,"column":16},"end":{"line":17,"column":3}},"8":{"start":{"line":19,"column":22},"end":{"line":22,"column":3}},"9":{"start":{"line":24,"column":2},"end":{"line":44,"column":4}},"10":{"start":{"line":25,"column":4},"end":{"line":43,"column":6}},"11":{"start":{"line":27,"column":6},"end":{"line":29,"column":7}},"12":{"start":{"line":28,"column":8},"end":{"line":28,"column":14}},"13":{"start":{"line":31,"column":6},"end":{"line":41,"column":7}},"14":{"start":{"line":33,"column":8},"end":{"line":35,"column":9}},"15":{"start":{"line":34,"column":10},"end":{"line":34,"column":33}},"16":{"start":{"line":37,"column":8},"end":{"line":37,"column":56}},"17":{"start":{"line":39,"column":11},"end":{"line":41,"column":7}},"18":{"start":{"line":40,"column":8},"end":{"line":40,"column":62}},"19":{"start":{"line":46,"column":2},"end":{"line":48,"column":3}},"20":{"start":{"line":47,"column":4},"end":{"line":47,"column":15}},"21":{"start":{"line":50,"column":2},"end":{"line":52,"column":3}},"22":{"start":{"line":51,"column":4},"end":{"line":51,"column":54}},"23":{"start":{"line":54,"column":2},"end":{"line":54,"column":33}},"24":{"start":{"line":57,"column":33},"end":{"line":77,"column":1}},"25":{"start":{"line":58,"column":36},"end":{"line":58,"column":85}},"26":{"start":{"line":60,"column":2},"end":{"line":62,"column":3}},"27":{"start":{"line":61,"column":4},"end":{"line":61,"column":15}},"28":{"start":{"line":64,"column":24},"end":{"line":64,"column":55}},"29":{"start":{"line":66,"column":2},"end":{"line":74,"column":3}},"30":{"start":{"line":67,"column":4},"end":{"line":67,"column":38}},"31":{"start":{"line":69,"column":7},"end":{"line":74,"column":3}},"32":{"start":{"line":70,"column":4},"end":{"line":70,"column":39}},"33":{"start":{"line":73,"column":4},"end":{"line":73,"column":76}},"34":{"start":{"line":76,"column":2},"end":{"line":76,"column":22}},"35":{"start":{"line":80,"column":0},"end":{"line":85,"column":1}}},"fnMap":{"0":{"name":"(anonymous_0)","decl":{"start":{"line":4,"column":28},"end":{"line":4,"column":29}},"loc":{"start":{"line":4,"column":56},"end":{"line":55,"column":1}},"line":4},"1":{"name":"(anonymous_1)","decl":{"start":{"line":24,"column":21},"end":{"line":24,"column":22}},"loc":{"start":{"line":24,"column":30},"end":{"line":44,"column":3}},"line":24},"2":{"name":"(anonymous_2)","decl":{"start":{"line":25,"column":23},"end":{"line":25,"column":24}},"loc":{"start":{"line":25,"column":32},"end":{"line":43,"column":5}},"line":25},"3":{"name":"(anonymous_3)","decl":{"start":{"line":57,"column":33},"end":{"line":57,"column":34}},"loc":{"start":{"line":57,"column":74},"end":{"line":77,"column":1}},"line":57}},"branchMap":{"0":{"loc":{"start":{"line":6,"column":2},"end":{"line":8,"column":3}},"type":"if","locations":[{"start":{"line":6,"column":2},"end":{"line":8,"column":3}},{"start":{"line":6,"column":2},"end":{"line":8,"column":3}}],"line":6},"1":{"loc":{"start":{"line":10,"column":2},"end":{"line":12,"column":3}},"type":"if","locations":[{"start":{"line":10,"column":2},"end":{"line":12,"column":3}},{"start":{"line":10,"column":2},"end":{"line":12,"column":3}}],"line":10},"2":{"loc":{"start":{"line":27,"column":6},"end":{"line":29,"column":7}},"type":"if","locations":[{"start":{"line":27,"column":6},"end":{"line":29,"column":7}},{"start":{"line":27,"column":6},"end":{"line":29,"column":7}}],"line":27},"3":{"loc":{"start":{"line":31,"column":6},"end":{"line":41,"column":7}},"type":"if","locations":[{"start":{"line":31,"column":6},"end":{"line":41,"column":7}},{"start":{"line":31,"column":6},"end":{"line":41,"column":7}}],"line":31},"4":{"loc":{"start":{"line":33,"column":8},"end":{"line":35,"column":9}},"type":"if","locations":[{"start":{"line":33,"column":8},"end":{"line":35,"column":9}},{"start":{"line":33,"column":8},"end":{"line":35,"column":9}}],"line":33},"5":{"loc":{"start":{"line":39,"column":11},"end":{"line":41,"column":7}},"type":"if","locations":[{"start":{"line":39,"column":11},"end":{"line":41,"column":7}},{"start":{"line":39,"column":11},"end":{"line":41,"column":7}}],"line":39},"6":{"loc":{"start":{"line":46,"column":2},"end":{"line":48,"column":3}},"type":"if","locations":[{"start":{"line":46,"column":2},"end":{"line":48,"column":3}},{"start":{"line":46,"column":2},"end":{"line":48,"column":3}}],"line":46},"7":{"loc":{"start":{"line":50,"column":2},"end":{"line":52,"column":3}},"type":"if","locations":[{"start":{"line":50,"column":2},"end":{"line":52,"column":3}},{"start":{"line":50,"column":2},"end":{"line":52,"column":3}}],"line":50},"8":{"loc":{"start":{"line":58,"column":36},"end":{"line":58,"column":85}},"type":"binary-expr","locations":[{"start":{"line":58,"column":36},"end":{"line":58,"column":79}},{"start":{"line":58,"column":83},"end":{"line":58,"column":85}}],"line":58},"9":{"loc":{"start":{"line":60,"column":2},"end":{"line":62,"column":3}},"type":"if","locations":[{"start":{"line":60,"column":2},"end":{"line":62,"column":3}},{"start":{"line":60,"column":2},"end":{"line":62,"column":3}}],"line":60},"10":{"loc":{"start":{"line":66,"column":2},"end":{"line":74,"column":3}},"type":"if","locations":[{"start":{"line":66,"column":2},"end":{"line":74,"column":3}},{"start":{"line":66,"column":2},"end":{"line":74,"column":3}}],"line":66},"11":{"loc":{"start":{"line":69,"column":7},"end":{"line":74,"column":3}},"type":"if","locations":[{"start":{"line":69,"column":7},"end":{"line":74,"column":3}},{"start":{"line":69,"column":7},"end":{"line":74,"column":3}}],"line":69}},"s":{"0":1,"1":1,"2":1,"3":7,"4":1,"5":6,"6":1,"7":5,"8":5,"9":5,"10":25,"11":45,"12":20,"13":25,"14":16,"15":7,"16":16,"17":9,"18":3,"19":5,"20":1,"21":4,"22":1,"23":4,"24":1,"25":7,"26":6,"27":2,"28":4,"29":4,"30":1,"31":3,"32":2,"33":1,"34":3,"35":1},"f":{"0":7,"1":25,"2":45,"3":7},"b":{"0":[1,6],"1":[1,5],"2":[20,25],"3":[16,9],"4":[7,9],"5":[3,6],"6":[1,4],"7":[1,3],"8":[7,2],"9":[2,4],"10":[1,3],"11":[2,1]},"_coverageSchema":"43e27e138ebf9cfc5966b082cf9a028302ed4184","hash":"0756529dc61fec77c315e4c638e8c81d839bbf00"}
}
