{"/home/berenger/Desktop/TeadsTest/findBuyerAndWinningPrice.js": {"path":"/home/berenger/Desktop/TeadsTest/findBuyerAndWinningPrice.js","statementMap":{"0":{"start":{"line":1,"column":20},"end":{"line":1,"column":33}},"1":{"start":{"line":2,"column":21},"end":{"line":2,"column":35}},"2":{"start":{"line":4,"column":28},"end":{"line":53,"column":1}},"3":{"start":{"line":6,"column":2},"end":{"line":8,"column":3}},"4":{"start":{"line":7,"column":4},"end":{"line":7,"column":21}},"5":{"start":{"line":10,"column":2},"end":{"line":12,"column":3}},"6":{"start":{"line":11,"column":4},"end":{"line":11,"column":15}},"7":{"start":{"line":14,"column":16},"end":{"line":17,"column":3}},"8":{"start":{"line":19,"column":22},"end":{"line":22,"column":3}},"9":{"start":{"line":24,"column":2},"end":{"line":42,"column":4}},"10":{"start":{"line":25,"column":4},"end":{"line":41,"column":6}},"11":{"start":{"line":27,"column":6},"end":{"line":29,"column":7}},"12":{"start":{"line":28,"column":8},"end":{"line":28,"column":14}},"13":{"start":{"line":31,"column":6},"end":{"line":39,"column":7}},"14":{"start":{"line":32,"column":8},"end":{"line":34,"column":9}},"15":{"start":{"line":33,"column":10},"end":{"line":33,"column":33}},"16":{"start":{"line":35,"column":8},"end":{"line":35,"column":56}},"17":{"start":{"line":37,"column":11},"end":{"line":39,"column":7}},"18":{"start":{"line":38,"column":8},"end":{"line":38,"column":62}},"19":{"start":{"line":44,"column":2},"end":{"line":46,"column":3}},"20":{"start":{"line":45,"column":4},"end":{"line":45,"column":15}},"21":{"start":{"line":48,"column":2},"end":{"line":50,"column":3}},"22":{"start":{"line":49,"column":4},"end":{"line":49,"column":54}},"23":{"start":{"line":52,"column":2},"end":{"line":52,"column":33}},"24":{"start":{"line":55,"column":33},"end":{"line":75,"column":1}},"25":{"start":{"line":56,"column":36},"end":{"line":56,"column":85}},"26":{"start":{"line":58,"column":2},"end":{"line":60,"column":3}},"27":{"start":{"line":59,"column":4},"end":{"line":59,"column":15}},"28":{"start":{"line":62,"column":31},"end":{"line":62,"column":62}},"29":{"start":{"line":64,"column":2},"end":{"line":72,"column":3}},"30":{"start":{"line":65,"column":4},"end":{"line":65,"column":54}},"31":{"start":{"line":67,"column":7},"end":{"line":72,"column":3}},"32":{"start":{"line":68,"column":4},"end":{"line":68,"column":55}},"33":{"start":{"line":71,"column":4},"end":{"line":71,"column":76}},"34":{"start":{"line":74,"column":2},"end":{"line":74,"column":29}},"35":{"start":{"line":78,"column":0},"end":{"line":83,"column":1}}},"fnMap":{"0":{"name":"(anonymous_0)","decl":{"start":{"line":4,"column":28},"end":{"line":4,"column":29}},"loc":{"start":{"line":4,"column":56},"end":{"line":53,"column":1}},"line":4},"1":{"name":"(anonymous_1)","decl":{"start":{"line":24,"column":21},"end":{"line":24,"column":22}},"loc":{"start":{"line":24,"column":30},"end":{"line":42,"column":3}},"line":24},"2":{"name":"(anonymous_2)","decl":{"start":{"line":25,"column":23},"end":{"line":25,"column":24}},"loc":{"start":{"line":25,"column":32},"end":{"line":41,"column":5}},"line":25},"3":{"name":"(anonymous_3)","decl":{"start":{"line":55,"column":33},"end":{"line":55,"column":34}},"loc":{"start":{"line":55,"column":74},"end":{"line":75,"column":1}},"line":55}},"branchMap":{"0":{"loc":{"start":{"line":6,"column":2},"end":{"line":8,"column":3}},"type":"if","locations":[{"start":{"line":6,"column":2},"end":{"line":8,"column":3}},{"start":{"line":6,"column":2},"end":{"line":8,"column":3}}],"line":6},"1":{"loc":{"start":{"line":10,"column":2},"end":{"line":12,"column":3}},"type":"if","locations":[{"start":{"line":10,"column":2},"end":{"line":12,"column":3}},{"start":{"line":10,"column":2},"end":{"line":12,"column":3}}],"line":10},"2":{"loc":{"start":{"line":27,"column":6},"end":{"line":29,"column":7}},"type":"if","locations":[{"start":{"line":27,"column":6},"end":{"line":29,"column":7}},{"start":{"line":27,"column":6},"end":{"line":29,"column":7}}],"line":27},"3":{"loc":{"start":{"line":31,"column":6},"end":{"line":39,"column":7}},"type":"if","locations":[{"start":{"line":31,"column":6},"end":{"line":39,"column":7}},{"start":{"line":31,"column":6},"end":{"line":39,"column":7}}],"line":31},"4":{"loc":{"start":{"line":32,"column":8},"end":{"line":34,"column":9}},"type":"if","locations":[{"start":{"line":32,"column":8},"end":{"line":34,"column":9}},{"start":{"line":32,"column":8},"end":{"line":34,"column":9}}],"line":32},"5":{"loc":{"start":{"line":37,"column":11},"end":{"line":39,"column":7}},"type":"if","locations":[{"start":{"line":37,"column":11},"end":{"line":39,"column":7}},{"start":{"line":37,"column":11},"end":{"line":39,"column":7}}],"line":37},"6":{"loc":{"start":{"line":44,"column":2},"end":{"line":46,"column":3}},"type":"if","locations":[{"start":{"line":44,"column":2},"end":{"line":46,"column":3}},{"start":{"line":44,"column":2},"end":{"line":46,"column":3}}],"line":44},"7":{"loc":{"start":{"line":48,"column":2},"end":{"line":50,"column":3}},"type":"if","locations":[{"start":{"line":48,"column":2},"end":{"line":50,"column":3}},{"start":{"line":48,"column":2},"end":{"line":50,"column":3}}],"line":48},"8":{"loc":{"start":{"line":56,"column":36},"end":{"line":56,"column":85}},"type":"binary-expr","locations":[{"start":{"line":56,"column":36},"end":{"line":56,"column":79}},{"start":{"line":56,"column":83},"end":{"line":56,"column":85}}],"line":56},"9":{"loc":{"start":{"line":58,"column":2},"end":{"line":60,"column":3}},"type":"if","locations":[{"start":{"line":58,"column":2},"end":{"line":60,"column":3}},{"start":{"line":58,"column":2},"end":{"line":60,"column":3}}],"line":58},"10":{"loc":{"start":{"line":64,"column":2},"end":{"line":72,"column":3}},"type":"if","locations":[{"start":{"line":64,"column":2},"end":{"line":72,"column":3}},{"start":{"line":64,"column":2},"end":{"line":72,"column":3}}],"line":64},"11":{"loc":{"start":{"line":67,"column":7},"end":{"line":72,"column":3}},"type":"if","locations":[{"start":{"line":67,"column":7},"end":{"line":72,"column":3}},{"start":{"line":67,"column":7},"end":{"line":72,"column":3}}],"line":67}},"s":{"0":1,"1":1,"2":1,"3":15,"4":2,"5":13,"6":2,"7":11,"8":11,"9":11,"10":53,"11":93,"12":28,"13":65,"14":41,"15":17,"16":41,"17":24,"18":8,"19":11,"20":2,"21":9,"22":1,"23":9,"24":1,"25":7,"26":6,"27":2,"28":4,"29":4,"30":1,"31":3,"32":2,"33":1,"34":3,"35":1},"f":{"0":15,"1":53,"2":93,"3":7},"b":{"0":[2,13],"1":[2,11],"2":[28,65],"3":[41,24],"4":[17,24],"5":[8,16],"6":[2,9],"7":[1,8],"8":[7,2],"9":[2,4],"10":[1,3],"11":[2,1]},"_coverageSchema":"43e27e138ebf9cfc5966b082cf9a028302ed4184","hash":"2cbad80cc97bde4a403114a468a45e92cd7895c1"}
}
