TN:
SF:/home/berenger/Desktop/TeadsTest/findWinnerAndprice.js
FN:4,(anonymous_0)
FN:24,(anonymous_1)
FN:25,(anonymous_2)
FN:57,(anonymous_3)
FNF:4
FNH:4
FNDA:7,(anonymous_0)
FNDA:25,(anonymous_1)
FNDA:45,(anonymous_2)
FNDA:7,(anonymous_3)
DA:1,1
DA:2,1
DA:4,1
DA:6,7
DA:7,1
DA:10,6
DA:11,1
DA:14,5
DA:19,5
DA:24,5
DA:25,25
DA:27,45
DA:28,20
DA:31,25
DA:33,16
DA:34,7
DA:37,16
DA:39,9
DA:40,3
DA:46,5
DA:47,1
DA:50,4
DA:51,1
DA:54,4
DA:57,1
DA:58,7
DA:60,6
DA:61,2
DA:64,4
DA:66,4
DA:67,1
DA:69,3
DA:70,2
DA:73,1
DA:76,3
DA:80,1
LF:36
LH:36
BRDA:6,0,0,1
BRDA:6,0,1,6
BRDA:10,1,0,1
BRDA:10,1,1,5
BRDA:27,2,0,20
BRDA:27,2,1,25
BRDA:31,3,0,16
BRDA:31,3,1,9
BRDA:33,4,0,7
BRDA:33,4,1,9
BRDA:39,5,0,3
BRDA:39,5,1,6
BRDA:46,6,0,1
BRDA:46,6,1,4
BRDA:50,7,0,1
BRDA:50,7,1,3
BRDA:58,8,0,7
BRDA:58,8,1,2
BRDA:60,9,0,2
BRDA:60,9,1,4
BRDA:66,10,0,1
BRDA:66,10,1,3
BRDA:69,11,0,2
BRDA:69,11,1,1
BRF:24
BRH:24
end_of_record
