TN:
SF:/home/berenger/Desktop/TeadsTest/findWinnerAndprice.js
FN:4,(anonymous_0)
FN:19,(anonymous_1)
FN:20,(anonymous_2)
FN:50,(anonymous_3)
FNF:4
FNH:4
FNDA:6,(anonymous_0)
FNDA:25,(anonymous_1)
FNDA:45,(anonymous_2)
FNDA:6,(anonymous_3)
DA:1,1
DA:2,1
DA:4,1
DA:5,6
DA:6,1
DA:9,5
DA:14,5
DA:19,5
DA:20,25
DA:21,45
DA:22,20
DA:25,25
DA:27,16
DA:28,7
DA:31,16
DA:33,9
DA:34,3
DA:39,5
DA:40,1
DA:43,4
DA:44,1
DA:47,4
DA:50,1
DA:51,6
DA:53,6
DA:54,2
DA:57,4
DA:59,4
DA:60,1
DA:62,3
DA:63,3
DA:66,0
DA:69,4
DA:73,1
DA:81,1
DA:90,1
LF:36
LH:35
BRDA:5,0,0,1
BRDA:5,0,1,5
BRDA:21,1,0,20
BRDA:21,1,1,25
BRDA:25,2,0,16
BRDA:25,2,1,9
BRDA:27,3,0,7
BRDA:27,3,1,9
BRDA:33,4,0,3
BRDA:33,4,1,6
BRDA:39,5,0,1
BRDA:39,5,1,4
BRDA:43,6,0,1
BRDA:43,6,1,3
BRDA:51,7,0,6
BRDA:51,7,1,2
BRDA:53,8,0,2
BRDA:53,8,1,4
BRDA:59,9,0,1
BRDA:59,9,1,3
BRDA:62,10,0,3
BRDA:62,10,1,0
BRF:22
BRH:21
end_of_record
